This is pdfTeX, Version 3.141592653-2.6-1.40.24 (TeX Live 2022) (preloaded format=pdflatex 2023.2.26)  26 FEB 2023 20:45
entering extended mode
 restricted \write18 enabled.
 %&-line parsing enabled.
**presentation.tex
(./presentation.tex
LaTeX2e <2022-11-01> patch level 1
L3 programming layer <2023-02-22> (/home/sagesteppe/.TinyTeX/texmf-dist/tex/latex/beamer/beamer.cls
Document Class: beamer 2023/02/20 v3.69 A class for typesetting presentations
(/home/sagesteppe/.TinyTeX/texmf-dist/tex/latex/beamer/beamerbasemodes.sty (/home/sagesteppe/.TinyTeX/texmf-dist/tex/latex/etoolbox/etoolbox.sty
Package: etoolbox 2020/10/05 v2.5k e-TeX tools for LaTeX (JAW)
\etb@tempcnta=\count185
)
\beamer@tempbox=\box51
\beamer@tempcount=\count186
\c@beamerpauses=\count187
(/home/sagesteppe/.TinyTeX/texmf-dist/tex/latex/beamer/beamerbasedecode.sty
\beamer@slideinframe=\count188
\beamer@minimum=\count189
\beamer@decode@box=\box52
)
\beamer@commentbox=\box53
\beamer@modecount=\count190
) (/home/sagesteppe/.TinyTeX/texmf-dist/tex/generic/iftex/iftex.sty
Package: iftex 2022/02/03 v1.0f TeX engine tests
)
\headdp=\dimen140
\footheight=\dimen141
\sidebarheight=\dimen142
\beamer@tempdim=\dimen143
\beamer@finalheight=\dimen144
\beamer@animht=\dimen145
\beamer@animdp=\dimen146
\beamer@animwd=\dimen147
\beamer@leftmargin=\dimen148
\beamer@rightmargin=\dimen149
\beamer@leftsidebar=\dimen150
\beamer@rightsidebar=\dimen151
\beamer@boxsize=\dimen152
\beamer@vboxoffset=\dimen153
\beamer@descdefault=\dimen154
\beamer@descriptionwidth=\dimen155
\beamer@lastskip=\skip48
\beamer@areabox=\box54
\beamer@animcurrent=\box55
\beamer@animshowbox=\box56
\beamer@sectionbox=\box57
\beamer@logobox=\box58
\beamer@linebox=\box59
\beamer@sectioncount=\count191
\beamer@subsubsectionmax=\count192
\beamer@subsectionmax=\count193
\beamer@sectionmax=\count194
\beamer@totalheads=\count195
\beamer@headcounter=\count196
\beamer@partstartpage=\count197
\beamer@sectionstartpage=\count198
\beamer@subsectionstartpage=\count199
\beamer@animationtempa=\count266
\beamer@animationtempb=\count267
\beamer@xpos=\count268
\beamer@ypos=\count269
\beamer@ypos@offset=\count270
\beamer@showpartnumber=\count271
\beamer@currentsubsection=\count272
\beamer@coveringdepth=\count273
\beamer@sectionadjust=\count274
\beamer@toclastsection=\count275
\beamer@tocsectionnumber=\count276
(/home/sagesteppe/.TinyTeX/texmf-dist/tex/latex/beamer/beamerbaseoptions.sty (/home/sagesteppe/.TinyTeX/texmf-dist/tex/latex/graphics/keyval.sty
Package: keyval 2022/05/29 v1.15 key=value parser (DPC)
\KV@toks@=\toks16
))
\beamer@paperwidth=\skip49
\beamer@paperheight=\skip50
(/home/sagesteppe/.TinyTeX/texmf-dist/tex/latex/geometry/geometry.sty
Package: geometry 2020/01/02 v5.9 Page Geometry
(/home/sagesteppe/.TinyTeX/texmf-dist/tex/generic/iftex/ifvtex.sty
Package: ifvtex 2019/10/25 v1.7 ifvtex legacy package. Use iftex instead.
)
\Gm@cnth=\count277
\Gm@cntv=\count278
\c@Gm@tempcnt=\count279
\Gm@bindingoffset=\dimen156
\Gm@wd@mp=\dimen157
\Gm@odd@mp=\dimen158
\Gm@even@mp=\dimen159
\Gm@layoutwidth=\dimen160
\Gm@layoutheight=\dimen161
\Gm@layouthoffset=\dimen162
\Gm@layoutvoffset=\dimen163
\Gm@dimlist=\toks17
) (/home/sagesteppe/.TinyTeX/texmf-dist/tex/latex/pgf/math/pgfmath.sty (/home/sagesteppe/.TinyTeX/texmf-dist/tex/latex/pgf/utilities/pgfrcs.sty (/home/sagesteppe/.TinyTeX/texmf-dist/tex/generic/pgf/utilities/pgfutil-common.tex
\pgfutil@everybye=\toks18
\pgfutil@tempdima=\dimen164
\pgfutil@tempdimb=\dimen165
) (/home/sagesteppe/.TinyTeX/texmf-dist/tex/generic/pgf/utilities/pgfutil-latex.def
\pgfutil@abb=\box60
) (/home/sagesteppe/.TinyTeX/texmf-dist/tex/generic/pgf/utilities/pgfrcs.code.tex (/home/sagesteppe/.TinyTeX/texmf-dist/tex/generic/pgf/pgf.revision.tex)
Package: pgfrcs 2023-01-15 v3.1.10 (3.1.10)
)) (/home/sagesteppe/.TinyTeX/texmf-dist/tex/latex/pgf/utilities/pgfkeys.sty (/home/sagesteppe/.TinyTeX/texmf-dist/tex/generic/pgf/utilities/pgfkeys.code.tex
\pgfkeys@pathtoks=\toks19
\pgfkeys@temptoks=\toks20
(/home/sagesteppe/.TinyTeX/texmf-dist/tex/generic/pgf/utilities/pgfkeyslibraryfiltered.code.tex
\pgfkeys@tmptoks=\toks21
))) (/home/sagesteppe/.TinyTeX/texmf-dist/tex/generic/pgf/math/pgfmath.code.tex (/home/sagesteppe/.TinyTeX/texmf-dist/tex/generic/pgf/math/pgfmathutil.code.tex
\pgf@x=\dimen166
\pgf@xa=\dimen167
\pgf@xb=\dimen168
\pgf@xc=\dimen169
\pgf@y=\dimen170
\pgf@ya=\dimen171
\pgf@yb=\dimen172
\pgf@yc=\dimen173
\c@pgf@counta=\count280
\c@pgf@countb=\count281
\c@pgf@countc=\count282
\c@pgf@countd=\count283
) (/home/sagesteppe/.TinyTeX/texmf-dist/tex/generic/pgf/math/pgfmathparser.code.tex
\pgfmath@dimen=\dimen174
\pgfmath@count=\count284
\pgfmath@box=\box61
\pgfmath@toks=\toks22
\pgfmath@stack@operand=\toks23
\pgfmath@stack@operation=\toks24
) (/home/sagesteppe/.TinyTeX/texmf-dist/tex/generic/pgf/math/pgfmathfunctions.code.tex) (/home/sagesteppe/.TinyTeX/texmf-dist/tex/generic/pgf/math/pgfmathfunctions.basic.code.tex) (/home/sagesteppe/.TinyTeX/texmf-dist/tex/generic/pgf/math/pgfmathfunctions.trigonometric.code.tex) (/home/sagesteppe/.TinyTeX/texmf-dist/tex/generic/pgf/math/pgfmathfunctions.random.code.tex) (/home/sagesteppe/.TinyTeX/texmf-dist/tex/generic/pgf/math/pgfmathfunctions.comparison.code.tex) (/home/sagesteppe/.TinyTeX/texmf-dist/tex/generic/pgf/math/pgfmathfunctions.base.code.tex) (/home/sagesteppe/.TinyTeX/texmf-dist/tex/generic/pgf/math/pgfmathfunctions.round.code.tex) (/home/sagesteppe/.TinyTeX/texmf-dist/tex/generic/pgf/math/pgfmathfunctions.misc.code.tex) (/home/sagesteppe/.TinyTeX/texmf-dist/tex/generic/pgf/math/pgfmathfunctions.integerarithmetics.code.tex) (/home/sagesteppe/.TinyTeX/texmf-dist/tex/generic/pgf/math/pgfmathcalc.code.tex) (/home/sagesteppe/.TinyTeX/texmf-dist/tex/generic/pgf/math/pgfmathfloat.code.tex
\c@pgfmathroundto@lastzeros=\count285
))) (/home/sagesteppe/.TinyTeX/texmf-dist/tex/latex/base/size11.clo
File: size11.clo 2022/07/02 v1.4n Standard LaTeX file (size option)
) (/home/sagesteppe/.TinyTeX/texmf-dist/tex/latex/pgf/basiclayer/pgfcore.sty (/home/sagesteppe/.TinyTeX/texmf-dist/tex/latex/graphics/graphicx.sty
Package: graphicx 2021/09/16 v1.2d Enhanced LaTeX Graphics (DPC,SPQR)
(/home/sagesteppe/.TinyTeX/texmf-dist/tex/latex/graphics/graphics.sty
Package: graphics 2022/03/10 v1.4e Standard LaTeX Graphics (DPC,SPQR)
(/home/sagesteppe/.TinyTeX/texmf-dist/tex/latex/graphics/trig.sty
Package: trig 2021/08/11 v1.11 sin cos tan (DPC)
) (/home/sagesteppe/.TinyTeX/texmf-dist/tex/latex/graphics-cfg/graphics.cfg
File: graphics.cfg 2016/06/04 v1.11 sample graphics configuration
)
Package graphics Info: Driver file: pdftex.def on input line 107.
(/home/sagesteppe/.TinyTeX/texmf-dist/tex/latex/graphics-def/pdftex.def
File: pdftex.def 2022/09/22 v1.2b Graphics/color driver for pdftex
))
\Gin@req@height=\dimen175
\Gin@req@width=\dimen176
) (/home/sagesteppe/.TinyTeX/texmf-dist/tex/latex/pgf/systemlayer/pgfsys.sty (/home/sagesteppe/.TinyTeX/texmf-dist/tex/generic/pgf/systemlayer/pgfsys.code.tex
Package: pgfsys 2023-01-15 v3.1.10 (3.1.10)
\pgf@x=\dimen177
\pgf@y=\dimen178
\pgf@xa=\dimen179
\pgf@ya=\dimen180
\pgf@xb=\dimen181
\pgf@yb=\dimen182
\pgf@xc=\dimen183
\pgf@yc=\dimen184
\pgf@xd=\dimen185
\pgf@yd=\dimen186
\w@pgf@writea=\write3
\r@pgf@reada=\read2
\c@pgf@counta=\count286
\c@pgf@countb=\count287
\c@pgf@countc=\count288
\c@pgf@countd=\count289
\t@pgf@toka=\toks25
\t@pgf@tokb=\toks26
\t@pgf@tokc=\toks27
\pgf@sys@id@count=\count290
(/home/sagesteppe/.TinyTeX/texmf-dist/tex/generic/pgf/systemlayer/pgf.cfg
File: pgf.cfg 2023-01-15 v3.1.10 (3.1.10)
)
Driver file for pgf: pgfsys-pdftex.def
(/home/sagesteppe/.TinyTeX/texmf-dist/tex/generic/pgf/systemlayer/pgfsys-pdftex.def
File: pgfsys-pdftex.def 2023-01-15 v3.1.10 (3.1.10)
(/home/sagesteppe/.TinyTeX/texmf-dist/tex/generic/pgf/systemlayer/pgfsys-common-pdf.def
File: pgfsys-common-pdf.def 2023-01-15 v3.1.10 (3.1.10)
))) (/home/sagesteppe/.TinyTeX/texmf-dist/tex/generic/pgf/systemlayer/pgfsyssoftpath.code.tex
File: pgfsyssoftpath.code.tex 2023-01-15 v3.1.10 (3.1.10)
\pgfsyssoftpath@smallbuffer@items=\count291
\pgfsyssoftpath@bigbuffer@items=\count292
) (/home/sagesteppe/.TinyTeX/texmf-dist/tex/generic/pgf/systemlayer/pgfsysprotocol.code.tex
File: pgfsysprotocol.code.tex 2023-01-15 v3.1.10 (3.1.10)
)) (/home/sagesteppe/.TinyTeX/texmf-dist/tex/latex/xcolor/xcolor.sty
Package: xcolor 2022/06/12 v2.14 LaTeX color extensions (UK)
(/home/sagesteppe/.TinyTeX/texmf-dist/tex/latex/graphics-cfg/color.cfg
File: color.cfg 2016/01/02 v1.6 sample color configuration
)
Package xcolor Info: Driver file: pdftex.def on input line 227.
(/home/sagesteppe/.TinyTeX/texmf-dist/tex/latex/graphics/mathcolor.ltx)
Package xcolor Info: Model `cmy' substituted by `cmy0' on input line 1353.
Package xcolor Info: Model `hsb' substituted by `rgb' on input line 1357.
Package xcolor Info: Model `RGB' extended on input line 1369.
Package xcolor Info: Model `HTML' substituted by `rgb' on input line 1371.
Package xcolor Info: Model `Hsb' substituted by `hsb' on input line 1372.
Package xcolor Info: Model `tHsb' substituted by `hsb' on input line 1373.
Package xcolor Info: Model `HSB' substituted by `hsb' on input line 1374.
Package xcolor Info: Model `Gray' substituted by `gray' on input line 1375.
Package xcolor Info: Model `wave' substituted by `hsb' on input line 1376.
) (/home/sagesteppe/.TinyTeX/texmf-dist/tex/generic/pgf/basiclayer/pgfcore.code.tex
Package: pgfcore 2023-01-15 v3.1.10 (3.1.10)
(/home/sagesteppe/.TinyTeX/texmf-dist/tex/generic/pgf/math/pgfint.code.tex) (/home/sagesteppe/.TinyTeX/texmf-dist/tex/generic/pgf/basiclayer/pgfcorepoints.code.tex
File: pgfcorepoints.code.tex 2023-01-15 v3.1.10 (3.1.10)
\pgf@picminx=\dimen187
\pgf@picmaxx=\dimen188
\pgf@picminy=\dimen189
\pgf@picmaxy=\dimen190
\pgf@pathminx=\dimen191
\pgf@pathmaxx=\dimen192
\pgf@pathminy=\dimen193
\pgf@pathmaxy=\dimen194
\pgf@xx=\dimen195
\pgf@xy=\dimen196
\pgf@yx=\dimen197
\pgf@yy=\dimen198
\pgf@zx=\dimen199
\pgf@zy=\dimen256
) (/home/sagesteppe/.TinyTeX/texmf-dist/tex/generic/pgf/basiclayer/pgfcorepathconstruct.code.tex
File: pgfcorepathconstruct.code.tex 2023-01-15 v3.1.10 (3.1.10)
\pgf@path@lastx=\dimen257
\pgf@path@lasty=\dimen258
) (/home/sagesteppe/.TinyTeX/texmf-dist/tex/generic/pgf/basiclayer/pgfcorepathusage.code.tex
File: pgfcorepathusage.code.tex 2023-01-15 v3.1.10 (3.1.10)
\pgf@shorten@end@additional=\dimen259
\pgf@shorten@start@additional=\dimen260
) (/home/sagesteppe/.TinyTeX/texmf-dist/tex/generic/pgf/basiclayer/pgfcorescopes.code.tex
File: pgfcorescopes.code.tex 2023-01-15 v3.1.10 (3.1.10)
\pgfpic=\box62
\pgf@hbox=\box63
\pgf@layerbox@main=\box64
\pgf@picture@serial@count=\count293
) (/home/sagesteppe/.TinyTeX/texmf-dist/tex/generic/pgf/basiclayer/pgfcoregraphicstate.code.tex
File: pgfcoregraphicstate.code.tex 2023-01-15 v3.1.10 (3.1.10)
\pgflinewidth=\dimen261
) (/home/sagesteppe/.TinyTeX/texmf-dist/tex/generic/pgf/basiclayer/pgfcoretransformations.code.tex
File: pgfcoretransformations.code.tex 2023-01-15 v3.1.10 (3.1.10)
\pgf@pt@x=\dimen262
\pgf@pt@y=\dimen263
\pgf@pt@temp=\dimen264
) (/home/sagesteppe/.TinyTeX/texmf-dist/tex/generic/pgf/basiclayer/pgfcorequick.code.tex
File: pgfcorequick.code.tex 2023-01-15 v3.1.10 (3.1.10)
) (/home/sagesteppe/.TinyTeX/texmf-dist/tex/generic/pgf/basiclayer/pgfcoreobjects.code.tex
File: pgfcoreobjects.code.tex 2023-01-15 v3.1.10 (3.1.10)
) (/home/sagesteppe/.TinyTeX/texmf-dist/tex/generic/pgf/basiclayer/pgfcorepathprocessing.code.tex
File: pgfcorepathprocessing.code.tex 2023-01-15 v3.1.10 (3.1.10)
) (/home/sagesteppe/.TinyTeX/texmf-dist/tex/generic/pgf/basiclayer/pgfcorearrows.code.tex
File: pgfcorearrows.code.tex 2023-01-15 v3.1.10 (3.1.10)
\pgfarrowsep=\dimen265
) (/home/sagesteppe/.TinyTeX/texmf-dist/tex/generic/pgf/basiclayer/pgfcoreshade.code.tex
File: pgfcoreshade.code.tex 2023-01-15 v3.1.10 (3.1.10)
\pgf@max=\dimen266
\pgf@sys@shading@range@num=\count294
\pgf@shadingcount=\count295
) (/home/sagesteppe/.TinyTeX/texmf-dist/tex/generic/pgf/basiclayer/pgfcoreimage.code.tex
File: pgfcoreimage.code.tex 2023-01-15 v3.1.10 (3.1.10)
) (/home/sagesteppe/.TinyTeX/texmf-dist/tex/generic/pgf/basiclayer/pgfcoreexternal.code.tex
File: pgfcoreexternal.code.tex 2023-01-15 v3.1.10 (3.1.10)
\pgfexternal@startupbox=\box65
) (/home/sagesteppe/.TinyTeX/texmf-dist/tex/generic/pgf/basiclayer/pgfcorelayers.code.tex
File: pgfcorelayers.code.tex 2023-01-15 v3.1.10 (3.1.10)
) (/home/sagesteppe/.TinyTeX/texmf-dist/tex/generic/pgf/basiclayer/pgfcoretransparency.code.tex
File: pgfcoretransparency.code.tex 2023-01-15 v3.1.10 (3.1.10)
) (/home/sagesteppe/.TinyTeX/texmf-dist/tex/generic/pgf/basiclayer/pgfcorepatterns.code.tex
File: pgfcorepatterns.code.tex 2023-01-15 v3.1.10 (3.1.10)
) (/home/sagesteppe/.TinyTeX/texmf-dist/tex/generic/pgf/basiclayer/pgfcorerdf.code.tex
File: pgfcorerdf.code.tex 2023-01-15 v3.1.10 (3.1.10)
))) (/home/sagesteppe/.TinyTeX/texmf-dist/tex/latex/pgf/utilities/xxcolor.sty
Package: xxcolor 2003/10/24 ver 0.1
\XC@nummixins=\count296
\XC@countmixins=\count297
) (/home/sagesteppe/.TinyTeX/texmf-dist/tex/latex/base/atbegshi-ltx.sty
Package: atbegshi-ltx 2021/01/10 v1.0c Emulation of the original atbegshi
package with kernel methods
) (/home/sagesteppe/.TinyTeX/texmf-dist/tex/latex/hyperref/hyperref.sty
Package: hyperref 2023-02-07 v7.00v Hypertext links for LaTeX
(/home/sagesteppe/.TinyTeX/texmf-dist/tex/generic/ltxcmds/ltxcmds.sty
Package: ltxcmds 2020-05-10 v1.25 LaTeX kernel commands for general use (HO)
) (/home/sagesteppe/.TinyTeX/texmf-dist/tex/generic/pdftexcmds/pdftexcmds.sty
Package: pdftexcmds 2020-06-27 v0.33 Utility functions of pdfTeX for LuaTeX (HO)
(/home/sagesteppe/.TinyTeX/texmf-dist/tex/generic/infwarerr/infwarerr.sty
Package: infwarerr 2019/12/03 v1.5 Providing info/warning/error messages (HO)
)
Package pdftexcmds Info: \pdf@primitive is available.
Package pdftexcmds Info: \pdf@ifprimitive is available.
Package pdftexcmds Info: \pdfdraftmode found.
) (/home/sagesteppe/.TinyTeX/texmf-dist/tex/latex/kvsetkeys/kvsetkeys.sty
Package: kvsetkeys 2022-10-05 v1.19 Key value parser (HO)
) (/home/sagesteppe/.TinyTeX/texmf-dist/tex/generic/kvdefinekeys/kvdefinekeys.sty
Package: kvdefinekeys 2019-12-19 v1.6 Define keys (HO)
) (/home/sagesteppe/.TinyTeX/texmf-dist/tex/generic/pdfescape/pdfescape.sty
Package: pdfescape 2019/12/09 v1.15 Implements pdfTeX's escape features (HO)
) (/home/sagesteppe/.TinyTeX/texmf-dist/tex/latex/hycolor/hycolor.sty
Package: hycolor 2020-01-27 v1.10 Color options for hyperref/bookmark (HO)
) (/home/sagesteppe/.TinyTeX/texmf-dist/tex/latex/letltxmacro/letltxmacro.sty
Package: letltxmacro 2019/12/03 v1.6 Let assignment for LaTeX macros (HO)
) (/home/sagesteppe/.TinyTeX/texmf-dist/tex/latex/auxhook/auxhook.sty
Package: auxhook 2019-12-17 v1.6 Hooks for auxiliary files (HO)
) (/home/sagesteppe/.TinyTeX/texmf-dist/tex/latex/hyperref/nameref.sty
Package: nameref 2022-05-17 v2.50 Cross-referencing by name of section
(/home/sagesteppe/.TinyTeX/texmf-dist/tex/latex/refcount/refcount.sty
Package: refcount 2019/12/15 v3.6 Data extraction from label references (HO)
) (/home/sagesteppe/.TinyTeX/texmf-dist/tex/generic/gettitlestring/gettitlestring.sty
Package: gettitlestring 2019/12/15 v1.6 Cleanup title references (HO)
(/home/sagesteppe/.TinyTeX/texmf-dist/tex/latex/kvoptions/kvoptions.sty
Package: kvoptions 2022-06-15 v3.15 Key value format for package options (HO)
))
\c@section@level=\count298
)
\@linkdim=\dimen267
\Hy@linkcounter=\count299
\Hy@pagecounter=\count300
(/home/sagesteppe/.TinyTeX/texmf-dist/tex/latex/hyperref/pd1enc.def
File: pd1enc.def 2023-02-07 v7.00v Hyperref: PDFDocEncoding definition (HO)
Now handling font encoding PD1 ...
... no UTF-8 mapping file for font encoding PD1
) (/home/sagesteppe/.TinyTeX/texmf-dist/tex/generic/intcalc/intcalc.sty
Package: intcalc 2019/12/15 v1.3 Expandable calculations with integers (HO)
) (/home/sagesteppe/.TinyTeX/texmf-dist/tex/generic/etexcmds/etexcmds.sty
Package: etexcmds 2019/12/15 v1.7 Avoid name clashes with e-TeX commands (HO)
)
\Hy@SavedSpaceFactor=\count301
(/home/sagesteppe/.TinyTeX/texmf-dist/tex/latex/hyperref/puenc.def
File: puenc.def 2023-02-07 v7.00v Hyperref: PDF Unicode definition (HO)
Now handling font encoding PU ...
... no UTF-8 mapping file for font encoding PU
)
Package hyperref Info: Option `unicode' set `true' on input line 4060.
Package hyperref Info: Option `bookmarks' set `true' on input line 4060.
Package hyperref Info: Option `bookmarksopen' set `true' on input line 4060.
Package hyperref Info: Option `implicit' set `false' on input line 4060.
Package hyperref Info: Hyper figures OFF on input line 4177.
Package hyperref Info: Link nesting OFF on input line 4182.
Package hyperref Info: Hyper index ON on input line 4185.
Package hyperref Info: Plain pages OFF on input line 4192.
Package hyperref Info: Backreferencing OFF on input line 4197.
Package hyperref Info: Implicit mode OFF; no redefinition of LaTeX internals.
Package hyperref Info: Bookmarks ON on input line 4425.
\c@Hy@tempcnt=\count302
(/home/sagesteppe/.TinyTeX/texmf-dist/tex/latex/url/url.sty
\Urlmuskip=\muskip16
Package: url 2013/09/16  ver 3.4  Verb mode for urls, etc.
)
LaTeX Info: Redefining \url on input line 4763.
\XeTeXLinkMargin=\dimen268
(/home/sagesteppe/.TinyTeX/texmf-dist/tex/generic/bitset/bitset.sty
Package: bitset 2019/12/09 v1.3 Handle bit-vector datatype (HO)
(/home/sagesteppe/.TinyTeX/texmf-dist/tex/generic/bigintcalc/bigintcalc.sty
Package: bigintcalc 2019/12/15 v1.5 Expandable calculations on big integers (HO)
))
\Fld@menulength=\count303
\Field@Width=\dimen269
\Fld@charsize=\dimen270
Package hyperref Info: Hyper figures OFF on input line 6042.
Package hyperref Info: Link nesting OFF on input line 6047.
Package hyperref Info: Hyper index ON on input line 6050.
Package hyperref Info: backreferencing OFF on input line 6057.
Package hyperref Info: Link coloring OFF on input line 6062.
Package hyperref Info: Link coloring with OCG OFF on input line 6067.
Package hyperref Info: PDF/A mode OFF on input line 6072.
\Hy@abspage=\count304

Package hyperref Message: Stopped early.

)
Package hyperref Info: Driver (autodetected): hpdftex.
(/home/sagesteppe/.TinyTeX/texmf-dist/tex/latex/hyperref/hpdftex.def
File: hpdftex.def 2023-02-07 v7.00v Hyperref driver for pdfTeX
(/home/sagesteppe/.TinyTeX/texmf-dist/tex/latex/base/atveryend-ltx.sty
Package: atveryend-ltx 2020/08/19 v1.0a Emulation of the original atveryend package
with kernel methods
)
\Fld@listcount=\count305
\c@bookmark@seq@number=\count306
(/home/sagesteppe/.TinyTeX/texmf-dist/tex/latex/rerunfilecheck/rerunfilecheck.sty
Package: rerunfilecheck 2022-07-10 v1.10 Rerun checks for auxiliary files (HO)
(/home/sagesteppe/.TinyTeX/texmf-dist/tex/generic/uniquecounter/uniquecounter.sty
Package: uniquecounter 2019/12/15 v1.4 Provide unlimited unique counter (HO)
)
Package uniquecounter Info: New unique counter `rerunfilecheck' on input line 285.
)) (/home/sagesteppe/.TinyTeX/texmf-dist/tex/latex/beamer/beamerbaserequires.sty (/home/sagesteppe/.TinyTeX/texmf-dist/tex/latex/beamer/beamerbasecompatibility.sty) (/home/sagesteppe/.TinyTeX/texmf-dist/tex/latex/beamer/beamerbasefont.sty (/home/sagesteppe/.TinyTeX/texmf-dist/tex/latex/amsfonts/amssymb.sty
Package: amssymb 2013/01/14 v3.01 AMS font symbols
(/home/sagesteppe/.TinyTeX/texmf-dist/tex/latex/amsfonts/amsfonts.sty
Package: amsfonts 2013/01/14 v3.01 Basic AMSFonts support
\@emptytoks=\toks28
\symAMSa=\mathgroup4
\symAMSb=\mathgroup5
LaTeX Font Info:    Redeclaring math symbol \hbar on input line 98.
LaTeX Font Info:    Overwriting math alphabet `\mathfrak' in version `bold'
(Font)                  U/euf/m/n --> U/euf/b/n on input line 106.
))) (/home/sagesteppe/.TinyTeX/texmf-dist/tex/latex/beamer/beamerbasetranslator.sty (/home/sagesteppe/.TinyTeX/texmf-dist/tex/latex/translator/translator.sty
Package: translator 2021-05-31 v1.12d Easy translation of strings in LaTeX
)) (/home/sagesteppe/.TinyTeX/texmf-dist/tex/latex/beamer/beamerbasemisc.sty) (/home/sagesteppe/.TinyTeX/texmf-dist/tex/latex/beamer/beamerbasetwoscreens.sty) (/home/sagesteppe/.TinyTeX/texmf-dist/tex/latex/beamer/beamerbaseoverlay.sty
\beamer@argscount=\count307
\beamer@lastskipcover=\skip51
\beamer@trivlistdepth=\count308
) (/home/sagesteppe/.TinyTeX/texmf-dist/tex/latex/beamer/beamerbasetitle.sty) (/home/sagesteppe/.TinyTeX/texmf-dist/tex/latex/beamer/beamerbasesection.sty
\c@lecture=\count309
\c@part=\count310
\c@section=\count311
\c@subsection=\count312
\c@subsubsection=\count313
) (/home/sagesteppe/.TinyTeX/texmf-dist/tex/latex/beamer/beamerbaseframe.sty
\beamer@framebox=\box66
\beamer@frametitlebox=\box67
\beamer@zoombox=\box68
\beamer@zoomcount=\count314
\beamer@zoomframecount=\count315
\beamer@frametextheight=\dimen271
\c@subsectionslide=\count316
\beamer@frametopskip=\skip52
\beamer@framebottomskip=\skip53
\beamer@frametopskipautobreak=\skip54
\beamer@framebottomskipautobreak=\skip55
\beamer@envbody=\toks29
\framewidth=\dimen272
\c@framenumber=\count317
) (/home/sagesteppe/.TinyTeX/texmf-dist/tex/latex/beamer/beamerbaseverbatim.sty
\beamer@verbatimfileout=\write4
) (/home/sagesteppe/.TinyTeX/texmf-dist/tex/latex/beamer/beamerbaseframesize.sty
\beamer@splitbox=\box69
\beamer@autobreakcount=\count318
\beamer@autobreaklastheight=\dimen273
\beamer@frametitletoks=\toks30
\beamer@framesubtitletoks=\toks31
) (/home/sagesteppe/.TinyTeX/texmf-dist/tex/latex/beamer/beamerbaseframecomponents.sty
\beamer@footins=\box70
) (/home/sagesteppe/.TinyTeX/texmf-dist/tex/latex/beamer/beamerbasecolor.sty) (/home/sagesteppe/.TinyTeX/texmf-dist/tex/latex/beamer/beamerbasenotes.sty
\beamer@frameboxcopy=\box71
) (/home/sagesteppe/.TinyTeX/texmf-dist/tex/latex/beamer/beamerbasetoc.sty) (/home/sagesteppe/.TinyTeX/texmf-dist/tex/latex/beamer/beamerbasetemplates.sty
\beamer@sbttoks=\toks32
(/home/sagesteppe/.TinyTeX/texmf-dist/tex/latex/beamer/beamerbaseauxtemplates.sty (/home/sagesteppe/.TinyTeX/texmf-dist/tex/latex/beamer/beamerbaseboxes.sty
\bmb@box=\box72
\bmb@colorbox=\box73
\bmb@boxwidth=\dimen274
\bmb@boxheight=\dimen275
\bmb@prevheight=\dimen276
\bmb@temp=\dimen277
\bmb@dima=\dimen278
\bmb@dimb=\dimen279
\bmb@prevheight=\dimen280
)
\beamer@blockheadheight=\dimen281
)) (/home/sagesteppe/.TinyTeX/texmf-dist/tex/latex/beamer/beamerbaselocalstructure.sty (/home/sagesteppe/.TinyTeX/texmf-dist/tex/latex/tools/enumerate.sty
Package: enumerate 2015/07/23 v3.00 enumerate extensions (DPC)
\@enLab=\toks33
)
\beamer@bibiconwidth=\skip56
\c@figure=\count319
\c@table=\count320
\abovecaptionskip=\skip57
\belowcaptionskip=\skip58
) (/home/sagesteppe/.TinyTeX/texmf-dist/tex/latex/beamer/beamerbasenavigation.sty (/home/sagesteppe/.TinyTeX/texmf-dist/tex/latex/beamer/beamerbasenavigationsymbols.tex)
\beamer@section@min@dim=\dimen282
) (/home/sagesteppe/.TinyTeX/texmf-dist/tex/latex/beamer/beamerbasetheorems.sty (/home/sagesteppe/.TinyTeX/texmf-dist/tex/latex/amsmath/amsmath.sty
Package: amsmath 2022/04/08 v2.17n AMS math features
\@mathmargin=\skip59
For additional information on amsmath, use the `?' option.
(/home/sagesteppe/.TinyTeX/texmf-dist/tex/latex/amsmath/amstext.sty
Package: amstext 2021/08/26 v2.01 AMS text
(/home/sagesteppe/.TinyTeX/texmf-dist/tex/latex/amsmath/amsgen.sty
File: amsgen.sty 1999/11/30 v2.0 generic functions
\@emptytoks=\toks34
\ex@=\dimen283
)) (/home/sagesteppe/.TinyTeX/texmf-dist/tex/latex/amsmath/amsbsy.sty
Package: amsbsy 1999/11/29 v1.2d Bold Symbols
\pmbraise@=\dimen284
) (/home/sagesteppe/.TinyTeX/texmf-dist/tex/latex/amsmath/amsopn.sty
Package: amsopn 2022/04/08 v2.04 operator names
)
\inf@bad=\count321
LaTeX Info: Redefining \frac on input line 234.
\uproot@=\count322
\leftroot@=\count323
LaTeX Info: Redefining \overline on input line 399.
LaTeX Info: Redefining \colon on input line 410.
\classnum@=\count324
\DOTSCASE@=\count325
LaTeX Info: Redefining \ldots on input line 496.
LaTeX Info: Redefining \dots on input line 499.
LaTeX Info: Redefining \cdots on input line 620.
\Mathstrutbox@=\box74
\strutbox@=\box75
LaTeX Info: Redefining \big on input line 722.
LaTeX Info: Redefining \Big on input line 723.
LaTeX Info: Redefining \bigg on input line 724.
LaTeX Info: Redefining \Bigg on input line 725.
\big@size=\dimen285
LaTeX Font Info:    Redeclaring font encoding OML on input line 743.
LaTeX Font Info:    Redeclaring font encoding OMS on input line 744.
\macc@depth=\count326
LaTeX Info: Redefining \bmod on input line 905.
LaTeX Info: Redefining \pmod on input line 910.
LaTeX Info: Redefining \smash on input line 940.
LaTeX Info: Redefining \relbar on input line 970.
LaTeX Info: Redefining \Relbar on input line 971.
\c@MaxMatrixCols=\count327
\dotsspace@=\muskip17
\c@parentequation=\count328
\dspbrk@lvl=\count329
\tag@help=\toks35
\row@=\count330
\column@=\count331
\maxfields@=\count332
\andhelp@=\toks36
\eqnshift@=\dimen286
\alignsep@=\dimen287
\tagshift@=\dimen288
\tagwidth@=\dimen289
\totwidth@=\dimen290
\lineht@=\dimen291
\@envbody=\toks37
\multlinegap=\skip60
\multlinetaggap=\skip61
\mathdisplay@stack=\toks38
LaTeX Info: Redefining \[ on input line 2953.
LaTeX Info: Redefining \] on input line 2954.
) (/home/sagesteppe/.TinyTeX/texmf-dist/tex/latex/amscls/amsthm.sty
Package: amsthm 2020/05/29 v2.20.6
\thm@style=\toks39
\thm@bodyfont=\toks40
\thm@headfont=\toks41
\thm@notefont=\toks42
\thm@headpunct=\toks43
\thm@preskip=\skip62
\thm@postskip=\skip63
\thm@headsep=\skip64
\dth@everypar=\toks44
)
\c@theorem=\count333
) (/home/sagesteppe/.TinyTeX/texmf-dist/tex/latex/beamer/beamerbasethemes.sty)) (/home/sagesteppe/.TinyTeX/texmf-dist/tex/latex/beamer/beamerthemedefault.sty (/home/sagesteppe/.TinyTeX/texmf-dist/tex/latex/beamer/beamerfontthemedefault.sty) (/home/sagesteppe/.TinyTeX/texmf-dist/tex/latex/beamer/beamercolorthemedefault.sty) (/home/sagesteppe/.TinyTeX/texmf-dist/tex/latex/beamer/beamerinnerthemedefault.sty
\beamer@dima=\dimen292
\beamer@dimb=\dimen293
) (/home/sagesteppe/.TinyTeX/texmf-dist/tex/latex/beamer/beamerouterthemedefault.sty))) (/home/sagesteppe/.TinyTeX/texmf-dist/tex/latex/pgf/utilities/pgfpages.sty
Package: pgfpages 2011/01/05 ver 0.02
(/home/sagesteppe/.TinyTeX/texmf-dist/tex/latex/tools/calc.sty
Package: calc 2017/05/25 v4.3 Infix arithmetic (KKT,FJ)
\calc@Acount=\count334
\calc@Bcount=\count335
\calc@Adimen=\dimen294
\calc@Bdimen=\dimen295
\calc@Askip=\skip65
\calc@Bskip=\skip66
LaTeX Info: Redefining \setlength on input line 80.
LaTeX Info: Redefining \addtolength on input line 81.
\calc@Ccount=\count336
\calc@Cskip=\skip67
)
\pgf@logicalpages=\count337
\pgf@firstshipout=\count338
\pgf@lastshipout=\count339
\pgf@currentshipout=\count340
\pgf@cpn=\count341
\pgf@shipoutnextto=\count342
\pgfphysicalheight=\dimen296
\pgfphysicalwidth=\dimen297
\pgfpages@shipoutbox=\box76
) (/home/sagesteppe/.TinyTeX/texmf-dist/tex/latex/lm/lmodern.sty
Package: lmodern 2015/05/01 v1.6.1 Latin Modern Fonts
LaTeX Font Info:    Overwriting symbol font `operators' in version `normal'
(Font)                  OT1/cmr/m/n --> OT1/lmr/m/n on input line 22.
LaTeX Font Info:    Overwriting symbol font `letters' in version `normal'
(Font)                  OML/cmm/m/it --> OML/lmm/m/it on input line 23.
LaTeX Font Info:    Overwriting symbol font `symbols' in version `normal'
(Font)                  OMS/cmsy/m/n --> OMS/lmsy/m/n on input line 24.
LaTeX Font Info:    Overwriting symbol font `largesymbols' in version `normal'
(Font)                  OMX/cmex/m/n --> OMX/lmex/m/n on input line 25.
LaTeX Font Info:    Overwriting symbol font `operators' in version `bold'
(Font)                  OT1/cmr/bx/n --> OT1/lmr/bx/n on input line 26.
LaTeX Font Info:    Overwriting symbol font `letters' in version `bold'
(Font)                  OML/cmm/b/it --> OML/lmm/b/it on input line 27.
LaTeX Font Info:    Overwriting symbol font `symbols' in version `bold'
(Font)                  OMS/cmsy/b/n --> OMS/lmsy/b/n on input line 28.
LaTeX Font Info:    Overwriting symbol font `largesymbols' in version `bold'
(Font)                  OMX/cmex/m/n --> OMX/lmex/m/n on input line 29.
LaTeX Font Info:    Overwriting math alphabet `\mathbf' in version `normal'
(Font)                  OT1/cmr/bx/n --> OT1/lmr/bx/n on input line 31.
LaTeX Font Info:    Overwriting math alphabet `\mathsf' in version `normal'
(Font)                  OT1/cmss/m/n --> OT1/lmss/m/n on input line 32.
LaTeX Font Info:    Overwriting math alphabet `\mathit' in version `normal'
(Font)                  OT1/cmr/m/it --> OT1/lmr/m/it on input line 33.
LaTeX Font Info:    Overwriting math alphabet `\mathtt' in version `normal'
(Font)                  OT1/cmtt/m/n --> OT1/lmtt/m/n on input line 34.
LaTeX Font Info:    Overwriting math alphabet `\mathbf' in version `bold'
(Font)                  OT1/cmr/bx/n --> OT1/lmr/bx/n on input line 35.
LaTeX Font Info:    Overwriting math alphabet `\mathsf' in version `bold'
(Font)                  OT1/cmss/bx/n --> OT1/lmss/bx/n on input line 36.
LaTeX Font Info:    Overwriting math alphabet `\mathit' in version `bold'
(Font)                  OT1/cmr/bx/it --> OT1/lmr/bx/it on input line 37.
LaTeX Font Info:    Overwriting math alphabet `\mathtt' in version `bold'
(Font)                  OT1/cmtt/m/n --> OT1/lmtt/m/n on input line 38.
) (/home/sagesteppe/.TinyTeX/texmf-dist/tex/latex/base/fontenc.sty
Package: fontenc 2021/04/29 v2.0v Standard LaTeX package
LaTeX Font Info:    Trying to load font information for T1+lmss on input line 112.
(/home/sagesteppe/.TinyTeX/texmf-dist/tex/latex/lm/t1lmss.fd
File: t1lmss.fd 2015/05/01 v1.6.1 Font defs for Latin Modern
)) (/home/sagesteppe/.TinyTeX/texmf-dist/tex/latex/base/inputenc.sty
Package: inputenc 2021/02/14 v1.3d Input encoding file
\inpenc@prehook=\toks45
\inpenc@posthook=\toks46
) (/home/sagesteppe/.TinyTeX/texmf-dist/tex/latex/base/textcomp.sty
Package: textcomp 2020/02/02 v2.0n Standard LaTeX package
) (/home/sagesteppe/.TinyTeX/texmf-dist/tex/latex/tools/longtable.sty
Package: longtable 2021-09-01 v4.17 Multi-page Table package (DPC)
\LTleft=\skip68
\LTright=\skip69
\LTpre=\skip70
\LTpost=\skip71
\LTchunksize=\count343
\LTcapwidth=\dimen298
\LT@head=\box77
\LT@firsthead=\box78
\LT@foot=\box79
\LT@lastfoot=\box80
\LT@gbox=\box81
\LT@cols=\count344
\LT@rows=\count345
\c@LT@tables=\count346
\c@LT@chunks=\count347
\LT@p@ftn=\toks47
) (/home/sagesteppe/.TinyTeX/texmf-dist/tex/latex/booktabs/booktabs.sty
Package: booktabs 2020/01/12 v1.61803398 Publication quality tables
\heavyrulewidth=\dimen299
\lightrulewidth=\dimen300
\cmidrulewidth=\dimen301
\belowrulesep=\dimen302
\belowbottomsep=\dimen303
\aboverulesep=\dimen304
\abovetopsep=\dimen305
\cmidrulesep=\dimen306
\cmidrulekern=\dimen307
\defaultaddspace=\dimen308
\@cmidla=\count348
\@cmidlb=\count349
\@aboverulesep=\dimen309
\@belowrulesep=\dimen310
\@thisruleclass=\count350
\@lastruleclass=\count351
\@thisrulewidth=\dimen311
) (/home/sagesteppe/.TinyTeX/texmf-dist/tex/latex/tools/array.sty
Package: array 2022/09/04 v2.5g Tabular extension package (FMi)
\col@sep=\dimen312
\ar@mcellbox=\box82
\extrarowheight=\dimen313
\NC@list=\toks48
\extratabsurround=\skip72
\backup@length=\skip73
\ar@cellbox=\box83
) (/home/sagesteppe/.TinyTeX/texmf-dist/tex/latex/caption/caption.sty
Package: caption 2022/03/01 v3.6b Customizing captions (AR)
(/home/sagesteppe/.TinyTeX/texmf-dist/tex/latex/caption/caption3.sty
Package: caption3 2022/03/17 v2.3b caption3 kernel (AR)
\caption@tempdima=\dimen314
\captionmargin=\dimen315
\caption@leftmargin=\dimen316
\caption@rightmargin=\dimen317
\caption@width=\dimen318
\caption@indent=\dimen319
\caption@parindent=\dimen320
\caption@hangindent=\dimen321
Package caption Info: beamer document class detected.
(/home/sagesteppe/.TinyTeX/texmf-dist/tex/latex/caption/caption-beamer.sto
File: caption-beamer.sto 2022/01/06 v2.0c Adaption of the caption package to the beamer document classes (AR)
))
\c@caption@flags=\count352
\c@continuedfloat=\count353
Package caption Info: hyperref package is loaded.
Package caption Info: Hyperref support is turned off
(caption)             because hyperref has stopped early.
Package caption Info: longtable package is loaded.
(/home/sagesteppe/.TinyTeX/texmf-dist/tex/latex/caption/ltcaption.sty
Package: ltcaption 2021/01/08 v1.4c longtable captions (AR)
)) (/home/sagesteppe/.TinyTeX/texmf-dist/tex/latex/l3backend/l3backend-pdftex.def
File: l3backend-pdftex.def 2023-01-16 L3 backend support: PDF output (pdfTeX)
\l__color_backend_stack_int=\count354
\l__pdf_internal_box=\box84
)
No file presentation.aux.
\openout1 = `presentation.aux'.

LaTeX Font Info:    Checking defaults for OML/cmm/m/it on input line 120.
LaTeX Font Info:    ... okay on input line 120.
LaTeX Font Info:    Checking defaults for OMS/cmsy/m/n on input line 120.
LaTeX Font Info:    ... okay on input line 120.
LaTeX Font Info:    Checking defaults for OT1/cmr/m/n on input line 120.
LaTeX Font Info:    ... okay on input line 120.
LaTeX Font Info:    Checking defaults for T1/cmr/m/n on input line 120.
LaTeX Font Info:    ... okay on input line 120.
LaTeX Font Info:    Checking defaults for TS1/cmr/m/n on input line 120.
LaTeX Font Info:    ... okay on input line 120.
LaTeX Font Info:    Checking defaults for OMX/cmex/m/n on input line 120.
LaTeX Font Info:    ... okay on input line 120.
LaTeX Font Info:    Checking defaults for U/cmr/m/n on input line 120.
LaTeX Font Info:    ... okay on input line 120.
LaTeX Font Info:    Checking defaults for PD1/pdf/m/n on input line 120.
LaTeX Font Info:    ... okay on input line 120.
LaTeX Font Info:    Checking defaults for PU/pdf/m/n on input line 120.
LaTeX Font Info:    ... okay on input line 120.
*geometry* driver: auto-detecting
*geometry* detected driver: pdftex
*geometry* verbose mode - [ preamble ] result:
* driver: pdftex
* paper: custom
* layout: <same size as paper>
* layoutoffset:(h,v)=(0.0pt,0.0pt)
* modes: includehead includefoot 
* h-part:(L,W,R)=(28.45274pt, 307.28987pt, 28.45274pt)
* v-part:(T,H,B)=(0.0pt, 273.14662pt, 0.0pt)
* \paperwidth=364.19536pt
* \paperheight=273.14662pt
* \textwidth=307.28987pt
* \textheight=244.6939pt
* \oddsidemargin=-43.81725pt
* \evensidemargin=-43.81725pt
* \topmargin=-72.26999pt
* \headheight=14.22636pt
* \headsep=0.0pt
* \topskip=11.0pt
* \footskip=14.22636pt
* \marginparwidth=4.0pt
* \marginparsep=10.0pt
* \columnsep=10.0pt
* \skip\footins=10.0pt plus 4.0pt minus 2.0pt
* \hoffset=0.0pt
* \voffset=0.0pt
* \mag=1000
* \@twocolumnfalse
* \@twosidefalse
* \@mparswitchfalse
* \@reversemarginfalse
* (1in=72.27pt=25.4mm, 1cm=28.453pt)

(/home/sagesteppe/.TinyTeX/texmf-dist/tex/latex/epstopdf-pkg/epstopdf-base.sty
Package: epstopdf-base 2020-01-24 v2.11 Base part for package epstopdf
Package epstopdf-base Info: Redefining graphics rule for `.eps' on input line 485.
(/home/sagesteppe/.TinyTeX/texmf-dist/tex/latex/latexconfig/epstopdf-sys.cfg
File: epstopdf-sys.cfg 2010/07/13 v1.3 Configuration of (r)epstopdf for TeX Live
))
Package hyperref Info: Link coloring OFF on input line 120.
\@outlinefile=\write5
\openout5 = `presentation.out'.

LaTeX Font Info:    Overwriting symbol font `operators' in version `normal'
(Font)                  OT1/lmr/m/n --> OT1/cmss/m/n on input line 120.
LaTeX Font Info:    Overwriting symbol font `operators' in version `bold'
(Font)                  OT1/lmr/bx/n --> OT1/cmss/b/n on input line 120.
LaTeX Font Info:    Overwriting symbol font `operators' in version `normal'
(Font)                  OT1/cmss/m/n --> OT1/lmss/m/n on input line 120.
LaTeX Font Info:    Overwriting symbol font `operators' in version `bold'
(Font)                  OT1/cmss/b/n --> OT1/lmss/b/n on input line 120.
\symnumbers=\mathgroup6
\sympureletters=\mathgroup7
LaTeX Font Info:    Overwriting math alphabet `\mathrm' in version `normal'
(Font)                  OT1/lmss/m/n --> T1/lmr/m/n on input line 120.
LaTeX Font Info:    Redeclaring math alphabet \mathbf on input line 120.
LaTeX Font Info:    Overwriting math alphabet `\mathbf' in version `normal'
(Font)                  OT1/lmr/bx/n --> T1/lmss/b/n on input line 120.
LaTeX Font Info:    Overwriting math alphabet `\mathbf' in version `bold'
(Font)                  OT1/lmr/bx/n --> T1/lmss/b/n on input line 120.
LaTeX Font Info:    Redeclaring math alphabet \mathsf on input line 120.
LaTeX Font Info:    Overwriting math alphabet `\mathsf' in version `normal'
(Font)                  OT1/lmss/m/n --> T1/lmss/m/n on input line 120.
LaTeX Font Info:    Overwriting math alphabet `\mathsf' in version `bold'
(Font)                  OT1/lmss/bx/n --> T1/lmss/m/n on input line 120.
LaTeX Font Info:    Redeclaring math alphabet \mathit on input line 120.
LaTeX Font Info:    Overwriting math alphabet `\mathit' in version `normal'
(Font)                  OT1/lmr/m/it --> T1/lmss/m/it on input line 120.
LaTeX Font Info:    Overwriting math alphabet `\mathit' in version `bold'
(Font)                  OT1/lmr/bx/it --> T1/lmss/m/it on input line 120.
LaTeX Font Info:    Redeclaring math alphabet \mathtt on input line 120.
LaTeX Font Info:    Overwriting math alphabet `\mathtt' in version `normal'
(Font)                  OT1/lmtt/m/n --> T1/lmtt/m/n on input line 120.
LaTeX Font Info:    Overwriting math alphabet `\mathtt' in version `bold'
(Font)                  OT1/lmtt/m/n --> T1/lmtt/m/n on input line 120.
LaTeX Font Info:    Overwriting symbol font `numbers' in version `bold'
(Font)                  T1/lmss/m/n --> T1/lmss/b/n on input line 120.
LaTeX Font Info:    Overwriting symbol font `pureletters' in version `bold'
(Font)                  T1/lmss/m/it --> T1/lmss/b/it on input line 120.
LaTeX Font Info:    Overwriting math alphabet `\mathrm' in version `bold'
(Font)                  OT1/lmss/b/n --> T1/lmr/b/n on input line 120.
LaTeX Font Info:    Overwriting math alphabet `\mathbf' in version `bold'
(Font)                  T1/lmss/b/n --> T1/lmss/b/n on input line 120.
LaTeX Font Info:    Overwriting math alphabet `\mathsf' in version `bold'
(Font)                  T1/lmss/m/n --> T1/lmss/b/n on input line 120.
LaTeX Font Info:    Overwriting math alphabet `\mathit' in version `bold'
(Font)                  T1/lmss/m/it --> T1/lmss/b/it on input line 120.
LaTeX Font Info:    Overwriting math alphabet `\mathtt' in version `bold'
(Font)                  T1/lmtt/m/n --> T1/lmtt/b/n on input line 120.
(/home/sagesteppe/.TinyTeX/texmf-dist/tex/latex/translator/translator-basic-dictionary-English.dict
Dictionary: translator-basic-dictionary, Language: English 
) (/home/sagesteppe/.TinyTeX/texmf-dist/tex/latex/translator/translator-bibliography-dictionary-English.dict
Dictionary: translator-bibliography-dictionary, Language: English 
) (/home/sagesteppe/.TinyTeX/texmf-dist/tex/latex/translator/translator-environment-dictionary-English.dict
Dictionary: translator-environment-dictionary, Language: English 
) (/home/sagesteppe/.TinyTeX/texmf-dist/tex/latex/translator/translator-months-dictionary-English.dict
Dictionary: translator-months-dictionary, Language: English 
) (/home/sagesteppe/.TinyTeX/texmf-dist/tex/latex/translator/translator-numbers-dictionary-English.dict
Dictionary: translator-numbers-dictionary, Language: English 
) (/home/sagesteppe/.TinyTeX/texmf-dist/tex/latex/translator/translator-theorem-dictionary-English.dict
Dictionary: translator-theorem-dictionary, Language: English 
)
Package caption Info: Begin \AtBeginDocument code.
Package caption Info: End \AtBeginDocument code.
No file presentation.nav.
LaTeX Font Info:    Trying to load font information for OT1+lmss on input line 121.
(/home/sagesteppe/.TinyTeX/texmf-dist/tex/latex/lm/ot1lmss.fd
File: ot1lmss.fd 2015/05/01 v1.6.1 Font defs for Latin Modern
)
LaTeX Font Info:    Trying to load font information for OML+lmm on input line 121.
(/home/sagesteppe/.TinyTeX/texmf-dist/tex/latex/lm/omllmm.fd
File: omllmm.fd 2015/05/01 v1.6.1 Font defs for Latin Modern
)
LaTeX Font Info:    Trying to load font information for OMS+lmsy on input line 121.
(/home/sagesteppe/.TinyTeX/texmf-dist/tex/latex/lm/omslmsy.fd
File: omslmsy.fd 2015/05/01 v1.6.1 Font defs for Latin Modern
)
LaTeX Font Info:    Trying to load font information for OMX+lmex on input line 121.
(/home/sagesteppe/.TinyTeX/texmf-dist/tex/latex/lm/omxlmex.fd
File: omxlmex.fd 2015/05/01 v1.6.1 Font defs for Latin Modern
)
LaTeX Font Info:    External font `lmex10' loaded for size
(Font)              <10.95> on input line 121.
LaTeX Font Info:    External font `lmex10' loaded for size
(Font)              <8> on input line 121.
LaTeX Font Info:    External font `lmex10' loaded for size
(Font)              <6> on input line 121.
LaTeX Font Info:    Trying to load font information for U+msa on input line 121.
(/home/sagesteppe/.TinyTeX/texmf-dist/tex/latex/amsfonts/umsa.fd
File: umsa.fd 2013/01/14 v3.01 AMS symbols A
)
LaTeX Font Info:    Trying to load font information for U+msb on input line 121.
(/home/sagesteppe/.TinyTeX/texmf-dist/tex/latex/amsfonts/umsb.fd
File: umsb.fd 2013/01/14 v3.01 AMS symbols B
)
LaTeX Font Info:    Font shape `T1/lmss/m/it' in size <10.95> not available
(Font)              Font shape `T1/lmss/m/sl' tried instead on input line 121.
LaTeX Font Info:    Font shape `T1/lmss/m/it' in size <8> not available
(Font)              Font shape `T1/lmss/m/sl' tried instead on input line 121.
LaTeX Font Info:    Font shape `T1/lmss/m/it' in size <6> not available
(Font)              Font shape `T1/lmss/m/sl' tried instead on input line 121.
[1

{/home/sagesteppe/.TinyTeX/texmf-var/fonts/map/pdftex/updmap/pdftex.map}] [2

]
<../graphics/pictures/Cercocarpus-Steens.resized.jpg, id=27, 485.815pt x 273.02pt>
File: ../graphics/pictures/Cercocarpus-Steens.resized.jpg Graphic file (type jpg)
<use ../graphics/pictures/Cercocarpus-Steens.resized.jpg>
Package pdftex.def Info: ../graphics/pictures/Cercocarpus-Steens.resized.jpg  used on input line 147.
(pdftex.def)             Requested size: 307.2882pt x 172.69089pt.
LaTeX Font Info:    Font shape `T1/lmss/m/it' in size <10> not available
(Font)              Font shape `T1/lmss/m/sl' tried instead on input line 147.

Overfull \vbox (94.35529pt too high) detected at line 147
 []

[3

 <../graphics/pictures/Cercocarpus-Steens.resized.jpg>] [4

]
<../graphics/pictures/major_roads.resized.jpg, id=41, 477.785pt x 352.31625pt>
File: ../graphics/pictures/major_roads.resized.jpg Graphic file (type jpg)
<use ../graphics/pictures/major_roads.resized.jpg>
Package pdftex.def Info: ../graphics/pictures/major_roads.resized.jpg  used on input line 171.
(pdftex.def)             Requested size: 307.29047pt x 226.59444pt.

Overfull \vbox (28.92131pt too high) detected at line 171
 []

[5

 <../graphics/pictures/major_roads.resized.jpg>]
<../graphics/assorted/FQI.png, id=48, 396.0396pt x 379.4175pt>
File: ../graphics/assorted/FQI.png Graphic file (type png)
<use ../graphics/assorted/FQI.png>
Package pdftex.def Info: ../graphics/assorted/FQI.png  used on input line 196.
(pdftex.def)             Requested size: 261.1996pt x 250.23685pt.
LaTeX Font Info:    Font shape `T1/lmss/m/it' in size <14.4> not available
(Font)              Font shape `T1/lmss/m/sl' tried instead on input line 196.

Overfull \vbox (128.69289pt too high) detected at line 196
 []

[6

 <../graphics/assorted/FQI.png>]
<../graphics/pictures/Nelson.jpg, id=59, 674.52pt x 481.8pt>
File: ../graphics/pictures/Nelson.jpg Graphic file (type jpg)
<use ../graphics/pictures/Nelson.jpg>
Package pdftex.def Info: ../graphics/pictures/Nelson.jpg  used on input line 202.
(pdftex.def)             Requested size: 307.29819pt x 219.4987pt.
[7

 <../graphics/pictures/Nelson.jpg>]
<../graphics/pictures/Cirsium_scariosum.resized.jpg, id=67, 508.90125pt x 286.06876pt>
File: ../graphics/pictures/Cirsium_scariosum.resized.jpg Graphic file (type jpg)
<use ../graphics/pictures/Cirsium_scariosum.resized.jpg>
Package pdftex.def Info: ../graphics/pictures/Cirsium_scariosum.resized.jpg  used on input line 221.
(pdftex.def)             Requested size: 307.29993pt x 172.74257pt.

Overfull \vbox (21.86946pt too high) detected at line 221
 []

[8

 <../graphics/pictures/Cirsium_scariosum.resized.jpg>]
LaTeX Font Info:    External font `lmex10' loaded for size
(Font)              <10> on input line 258.
LaTeX Font Info:    External font `lmex10' loaded for size
(Font)              <7> on input line 258.
LaTeX Font Info:    External font `lmex10' loaded for size
(Font)              <5> on input line 258.
LaTeX Font Info:    Font shape `T1/lmss/m/it' in size <7> not available
(Font)              Font shape `T1/lmss/m/sl' tried instead on input line 258.
LaTeX Font Info:    Font shape `T1/lmss/m/it' in size <5> not available
(Font)              Font shape `T1/lmss/m/sl' tried instead on input line 258.
LaTeX Font Info:    External font `lmex10' loaded for size
(Font)              <9> on input line 258.
LaTeX Font Info:    Font shape `T1/lmss/m/it' in size <9> not available
(Font)              Font shape `T1/lmss/m/sl' tried instead on input line 258.
<../graphics/assorted/ephemeroptera.resized.png, id=74, 792.9625pt x 400.49625pt>
File: ../graphics/assorted/ephemeroptera.resized.png Graphic file (type png)
<use ../graphics/assorted/ephemeroptera.resized.png>
Package pdftex.def Info: ../graphics/assorted/ephemeroptera.resized.png  used on input line 258.
(pdftex.def)             Requested size: 153.64095pt x 77.59839pt.
[9

 <../graphics/assorted/ephemeroptera.resized.png>]
<../graphics/pictures/Megachile_Solidago.resized.jpg, id=83, 324.21124pt x 481.8pt>
File: ../graphics/pictures/Megachile_Solidago.resized.jpg Graphic file (type jpg)
<use ../graphics/pictures/Megachile_Solidago.resized.jpg>
Package pdftex.def Info: ../graphics/pictures/Megachile_Solidago.resized.jpg  used on input line 277.
(pdftex.def)             Requested size: 181.11676pt x 269.15186pt.

Overfull \vbox (104.67874pt too high) detected at line 277
 []

[10

 <../graphics/pictures/Megachile_Solidago.resized.jpg>]
<../graphics/pictures/Five_Astragali.jpg, id=90, 951.555pt x 632.3625pt>
File: ../graphics/pictures/Five_Astragali.jpg Graphic file (type jpg)
<use ../graphics/pictures/Five_Astragali.jpg>
Package pdftex.def Info: ../graphics/pictures/Five_Astragali.jpg  used on input line 314.
(pdftex.def)             Requested size: 245.83035pt x 163.36827pt.

Overfull \vbox (21.29515pt too high) detected at line 314
 []

[11

 <../graphics/pictures/Five_Astragali.jpg>]
LaTeX Font Info:    Font shape `T1/lmss/bx/it' in size <10> not available
(Font)              Font shape `T1/lmss/bx/sl' tried instead on input line 351.
[12

]
<../graphics/pictures/norm-wickett.jpg, id=105, 542.025pt x 542.025pt>
File: ../graphics/pictures/norm-wickett.jpg Graphic file (type jpg)
<use ../graphics/pictures/norm-wickett.jpg>
Package pdftex.def Info: ../graphics/pictures/norm-wickett.jpg  used on input line 385.
(pdftex.def)             Requested size: 153.64339pt x 153.64339pt.
<../graphics/pictures/matt-johnson.jpg, id=106, 963.6pt x 1284.8pt>
File: ../graphics/pictures/matt-johnson.jpg Graphic file (type jpg)
<use ../graphics/pictures/matt-johnson.jpg>
Package pdftex.def Info: ../graphics/pictures/matt-johnson.jpg  used on input line 385.
(pdftex.def)             Requested size: 122.90515pt x 163.87355pt.

Overfull \vbox (27.52957pt too high) detected at line 385
 []

[13

 <../graphics/pictures/norm-wickett.jpg> <../graphics/pictures/matt-johnson.jpg>] [14

] [15

]
<../graphics/pictures/Rhododendron_QinLi.jpg, id=126, 963.6pt x 542.025pt>
File: ../graphics/pictures/Rhododendron_QinLi.jpg Graphic file (type jpg)
<use ../graphics/pictures/Rhododendron_QinLi.jpg>
Package pdftex.def Info: ../graphics/pictures/Rhododendron_QinLi.jpg  used on input line 430.
(pdftex.def)             Requested size: 138.27014pt x 77.77695pt.
[16

 <../graphics/pictures/Rhododendron_QinLi.jpg>]
<../graphics/pictures/Angiosperms353.jpg, id=133, 756.8275pt x 1003.75pt>
File: ../graphics/pictures/Angiosperms353.jpg Graphic file (type jpg)
<use ../graphics/pictures/Angiosperms353.jpg>
Package pdftex.def Info: ../graphics/pictures/Angiosperms353.jpg  used on input line 447.
(pdftex.def)             Requested size: 202.93727pt x 269.14757pt.

Overfull \vbox (86.4036pt too high) detected at line 447
 []

[17

 <../graphics/pictures/Angiosperms353.jpg>] [18

] [19

]
LaTeX Font Info:    Font shape `T1/lmss/bx/it' in size <10.95> not available
(Font)              Font shape `T1/lmss/bx/sl' tried instead on input line 489.
<../graphics/pictures/fpnw2.resized.jpg, id=153, 583.17876pt x 438.63875pt>
File: ../graphics/pictures/fpnw2.resized.jpg Graphic file (type jpg)
<use ../graphics/pictures/fpnw2.resized.jpg>
Package pdftex.def Info: ../graphics/pictures/fpnw2.resized.jpg  used on input line 489.
(pdftex.def)             Requested size: 286.27621pt x 215.32306pt.

Overfull \vbox (115.73997pt too high) detected at line 489
 []

[20

 <../graphics/pictures/fpnw2.resized.jpg>] [21

]
<../graphics/pictures/Corbiculae-FWS.jpeg, id=167, 338.26375pt x 400.49625pt>
File: ../graphics/pictures/Corbiculae-FWS.jpeg Graphic file (type jpg)
<use ../graphics/pictures/Corbiculae-FWS.jpeg>
Package pdftex.def Info: ../graphics/pictures/Corbiculae-FWS.jpeg  used on input line 530.
(pdftex.def)             Requested size: 227.33748pt x 269.1622pt.

Overfull \hbox (21.90005pt too wide) in paragraph at lines 530--530
[][]
 []


Underfull \hbox (badness 10000) in paragraph at lines 530--530

 []


Overfull \vbox (102.71819pt too high) detected at line 530
 []

[22

 <../graphics/pictures/Corbiculae-FWS.jpeg>] [23

]
<../graphics/plots/flowchart.resized.png, id=180, 337.26pt x 551.05875pt>
File: ../graphics/plots/flowchart.resized.png Graphic file (type png)
<use ../graphics/plots/flowchart.resized.png>
Package pdftex.def Info: ../graphics/plots/flowchart.resized.png  used on input line 562.
(pdftex.def)             Requested size: 164.72879pt x 269.15506pt.

Overfull \vbox (127.2111pt too high) detected at line 562
 []

[24

 <../graphics/plots/flowchart.resized.png>]
<../graphics/plots/siteMaps.png, id=188, 468.5505pt x 355.3275pt>
File: ../graphics/plots/siteMaps.png Graphic file (type png)
<use ../graphics/plots/siteMaps.png>
Package pdftex.def Info: ../graphics/plots/siteMaps.png  used on input line 567.
(pdftex.def)             Requested size: 215.09973pt x 163.12189pt.
[25

 <../graphics/plots/siteMaps.png>]
<../graphics/assorted/mircoscopy_workflow.resized.png, id=198, 153.6942pt x 198.9834pt>
File: ../graphics/assorted/mircoscopy_workflow.resized.png Graphic file (type png)
<use ../graphics/assorted/mircoscopy_workflow.resized.png>
Package pdftex.def Info: ../graphics/assorted/mircoscopy_workflow.resized.png  used on input line 590.
(pdftex.def)             Requested size: 207.90266pt x 269.16554pt.

Overfull \vbox (134.02158pt too high) detected at line 590
 []

[26

 <../graphics/assorted/mircoscopy_workflow.resized.png>]
<../graphics/pictures/pollen_montage.png, id=205, 397.485pt x 993.7125pt>
File: ../graphics/pictures/pollen_montage.png Graphic file (type png)
<use ../graphics/pictures/pollen_montage.png>
Package pdftex.def Info: ../graphics/pictures/pollen_montage.png  used on input line 610.
(pdftex.def)             Requested size: 107.65596pt x 269.13991pt.

Overfull \vbox (114.2043pt too high) detected at line 610
 []

[27

 <../graphics/pictures/pollen_montage.png>]
<../graphics/pictures/corbiculae_slide.resized.jpg, id=212, 368.37625pt x 133.49875pt>
File: ../graphics/pictures/corbiculae_slide.resized.jpg Graphic file (type jpg)
<use ../graphics/pictures/corbiculae_slide.resized.jpg>
Package pdftex.def Info: ../graphics/pictures/corbiculae_slide.resized.jpg  used on input line 639.
(pdftex.def)             Requested size: 92.18376pt x 33.40718pt.
[28

 <../graphics/pictures/corbiculae_slide.resized.jpg>] [29

] [30

]
<../graphics/plots/distance_queried.png, id=231, 722.7pt x 722.7pt>
File: ../graphics/plots/distance_queried.png Graphic file (type png)
<use ../graphics/plots/distance_queried.png>
Package pdftex.def Info: ../graphics/plots/distance_queried.png  used on input line 688.
(pdftex.def)             Requested size: 269.14818pt x 269.14818pt.

Overfull \vbox (113.60422pt too high) detected at line 688
 []

[31

 <../graphics/plots/distance_queried.png>]
<../graphics/plots/besseya_predicted.resized.png, id=241, 542.025pt x 542.025pt>
File: ../graphics/plots/besseya_predicted.resized.png Graphic file (type png)
<use ../graphics/plots/besseya_predicted.resized.png>
Package pdftex.def Info: ../graphics/plots/besseya_predicted.resized.png  used on input line 712.
(pdftex.def)             Requested size: 269.15094pt x 269.15094pt.

Overfull \vbox (134.61533pt too high) detected at line 712
 []

[32

 <../graphics/plots/besseya_predicted.resized.png>] [33

] [34

] [35

]
<presentation_files/figure-beamer/unnamed-chunk-2-1.pdf, id=267, 689.57625pt x 463.7325pt>
File: presentation_files/figure-beamer/unnamed-chunk-2-1.pdf Graphic file (type pdf)
<use presentation_files/figure-beamer/unnamed-chunk-2-1.pdf>
Package pdftex.def Info: presentation_files/figure-beamer/unnamed-chunk-2-1.pdf  used on input line 752.
(pdftex.def)             Requested size: 307.2866pt x 206.64688pt.
[36

 <./presentation_files/figure-beamer/unnamed-chunk-2-1.pdf>] [37

]
<../graphics/assorted/molecular_metagenomic_workflow.resized.png, id=289, 153.6942pt x 198.9834pt>
File: ../graphics/assorted/molecular_metagenomic_workflow.resized.png Graphic file (type png)
<use ../graphics/assorted/molecular_metagenomic_workflow.resized.png>
Package pdftex.def Info: ../graphics/assorted/molecular_metagenomic_workflow.resized.png  used on input line 793.
(pdftex.def)             Requested size: 207.90266pt x 269.16554pt.

Overfull \vbox (132.63686pt too high) detected at line 793
 []

[38

 <../graphics/assorted/molecular_metagenomic_workflow.resized.png>]
<../graphics/pictures/Bernie_Tissue.jpg, id=296, 985.6825pt x 491.8375pt>
File: ../graphics/pictures/Bernie_Tissue.jpg Graphic file (type jpg)
<use ../graphics/pictures/Bernie_Tissue.jpg>
Package pdftex.def Info: ../graphics/pictures/Bernie_Tissue.jpg  used on input line 812.
(pdftex.def)             Requested size: 199.73497pt x 99.66408pt.
[39

 <../graphics/pictures/Bernie_Tissue.jpg>]
<../graphics/pictures/hyb-seq.resized.jpg, id=304, 462.72874pt x 347.2975pt>
File: ../graphics/pictures/hyb-seq.resized.jpg Graphic file (type jpg)
<use ../graphics/pictures/hyb-seq.resized.jpg>
Package pdftex.def Info: ../graphics/pictures/hyb-seq.resized.jpg  used on input line 831.
(pdftex.def)             Requested size: 307.29417pt x 230.63727pt.

Overfull \vbox (66.16415pt too high) detected at line 831
 []

[40

 <../graphics/pictures/hyb-seq.resized.jpg>] [41

] [42

] [43

] [44

] [45

] [46

] [47

]
<../graphics/plots/Occurrence_distance.png, id=354, 526.8483pt x 325.215pt>
File: ../graphics/plots/Occurrence_distance.png Graphic file (type png)
<use ../graphics/plots/Occurrence_distance.png>
Package pdftex.def Info: ../graphics/plots/Occurrence_distance.png  used on input line 912.
(pdftex.def)             Requested size: 276.55931pt x 170.71562pt.

Overfull \vbox (35.57166pt too high) detected at line 912
 []

[48

 <../graphics/plots/Occurrence_distance.png>]

Package longtable Warning: Column widths have changed
(longtable)                in table 1 on input line 946.

[49

]

Package longtable Warning: Column widths have changed
(longtable)                in table 2 on input line 992.

[50

] [51

]
<../graphics/plots/phenology_estimates_10_90.png, id=380, 170.5572pt x 170.5572pt>
File: ../graphics/plots/phenology_estimates_10_90.png Graphic file (type png)
<use ../graphics/plots/phenology_estimates_10_90.png>
Package pdftex.def Info: ../graphics/plots/phenology_estimates_10_90.png  used on input line 1053.
(pdftex.def)             Requested size: 269.18593pt x 269.18593pt.

Overfull \vbox (120.44196pt too high) detected at line 1053
 []

[52

 <../graphics/plots/phenology_estimates_10_90.png>]
<../graphics/plots/phenology_estimates-jeo_10_90.png, id=388, 170.5572pt x 85.2786pt>
File: ../graphics/plots/phenology_estimates-jeo_10_90.png Graphic file (type png)
<use ../graphics/plots/phenology_estimates-jeo_10_90.png>
Package pdftex.def Info: ../graphics/plots/phenology_estimates-jeo_10_90.png  used on input line 1076.
(pdftex.def)             Requested size: 153.6536pt x 76.82678pt.
[53

 <../graphics/plots/phenology_estimates-jeo_10_90.png>] [54

]
<../graphics/plots/rmbl_draft_tree.png, id=402, 288.8391pt x 345.4506pt>
File: ../graphics/plots/rmbl_draft_tree.png Graphic file (type png)
<use ../graphics/plots/rmbl_draft_tree.png>
Package pdftex.def Info: ../graphics/plots/rmbl_draft_tree.png  used on input line 1106.
(pdftex.def)             Requested size: 225.04677pt x 269.1552pt.

Overfull \vbox (106.81122pt too high) detected at line 1106
 []

[55

 <../graphics/plots/rmbl_draft_tree.png>]
<../graphics/plots/Molecular_nets.jpg, id=410, 485.8953pt x 505.89pt>
File: ../graphics/plots/Molecular_nets.jpg Graphic file (type jpg)
<use ../graphics/plots/Molecular_nets.jpg>
Package pdftex.def Info: ../graphics/plots/Molecular_nets.jpg  used on input line 1150.
(pdftex.def)             Requested size: 258.50935pt x 269.14706pt.

Overfull \vbox (121.01144pt too high) detected at line 1150
 []

[56

 <../graphics/plots/Molecular_nets.jpg>]
! Undefined control sequence.
<recently read> \cellcolor 
                           
l.1186 \end{frame}
                   
Here is how much of TeX's memory you used:
 23764 strings out of 477984
 468845 string characters out of 5838807
 1859388 words of memory out of 5000000
 43271 multiletter control sequences out of 15000+600000
 598211 words of font info for 91 fonts, out of 8000000 for 9000
 14 hyphenation exceptions out of 8191
 101i,11n,104p,408b,639s stack positions out of 10000i,1000n,20000p,200000b,200000s

!  ==> Fatal error occurred, no output PDF file produced!
